/Users/scallions/opt/miniconda3/envs/gps/lib/python3.7/site-packages/fbprophet/forecaster.py:400: FutureWarning:

The pandas.datetime class is deprecated and will be removed from pandas in a future version. Import from datetime module instead.

Traceback (most recent call last):
  File "/Volumes/SSD/Code/gps-ts/scripts/compare-gapsize.py", line 56, in <module>
    tsc = filler.fill(tsg)
  File "./ts/fill.py", line 41, in fill
    forecast = m.predict(future)
  File "/Users/scallions/opt/miniconda3/envs/gps/lib/python3.7/site-packages/fbprophet/forecaster.py", line 1176, in predict
    intervals = self.predict_uncertainty(df)
  File "/Users/scallions/opt/miniconda3/envs/gps/lib/python3.7/site-packages/fbprophet/forecaster.py", line 1378, in predict_uncertainty
    sim_values = self.sample_posterior_predictive(df)
  File "/Users/scallions/opt/miniconda3/envs/gps/lib/python3.7/site-packages/fbprophet/forecaster.py", line 1342, in sample_posterior_predictive
    s_m=component_cols['multiplicative_terms'],
  File "/Users/scallions/opt/miniconda3/envs/gps/lib/python3.7/site-packages/fbprophet/forecaster.py", line 1417, in sample_model
    'yhat': trend * (1 + Xb_m) + Xb_a + noise,
  File "/Users/scallions/opt/miniconda3/envs/gps/lib/python3.7/site-packages/pandas/core/ops/common.py", line 64, in new_method
    return method(self, other)
  File "/Users/scallions/opt/miniconda3/envs/gps/lib/python3.7/site-packages/pandas/core/ops/__init__.py", line 502, in wrapper
    return _construct_result(left, result, index=left.index, name=res_name)
  File "/Users/scallions/opt/miniconda3/envs/gps/lib/python3.7/site-packages/pandas/core/ops/__init__.py", line 466, in _construct_result
    if isinstance(result, tuple):
KeyboardInterrupt
